Verdi>restart
Info: [VCS_SAVE_RESTORE_INFO] ASLR (Address Space Layout Randomization) is detected on the machine. To enable $save functionality, ASLR will be switched off and simv re-executed.
Please use '-no_save' simv switch to avoid re-execution or '-suppress=ASLR_DETECTED_INFO' to suppress this message.
Chronologic VCS simulator copyright 1991-2024
Contains Synopsys proprietary information.
Compiler version W-2024.09-SP1_Full64; Runtime version W-2024.09-SP1_Full64;  Apr  2 16:49 2026
Warning : License for product VCS-BASE-RUNTIME will expire within 20 days, on: 21-apr-2026.
If you would like to temporarily disable this message, set 
 the VCS_LIC_EXPIRE_WARNING environment variable to the number of days
before expiration that you want this message to start (the minimum is 0).
*Verdi* Loading libsscore_vcs202409.so
FSDB Dumper for VCS, Release Verdi_W-2024.09-SP2, Linux x86_64/64bit, 03/03/2025
(C) 1996 - 2025 by Synopsys, Inc.
*Verdi* FSDB WARNING: The FSDB file already exists. Overwriting the FSDB file may crash the programs that are using this file.
*Verdi* : Create FSDB file '/home/hedu04/KMK/0402_adder/inter.fsdb'
*Verdi* : Flush all FSDB Files at 0 ps.
*Verdi* : Enable RPC Server(19392)
*Verdi* : Flush all FSDB Files at 0 ps.
Verdi>next
adder.sv, 6 : 	assign y = a + b;
Verdi>next
tb_adder.sv, 8 : 		$fsdbDumpfile("wave.fsdb");
Verdi>next
*Verdi* WARNING: Env/runtime option has specified fsdbfile name as "/home/hedu04/KMK/0402_adder/inter.fsdb". Fsdbfile name in task "wave.fsdb" is ignored.
tb_adder.sv, 9 : 		$fsdbDumpvars(0);
Verdi>next
*Verdi* : Begin traversing the scopes, layer (0).
*Verdi* : End of traversing.
tb_adder.sv, 13 : 		a = 0;
Verdi>next
Stop point #1 @ 0 ps;  
Verdi>next
tb_adder.sv, 14 : 		b = 0;
Verdi>next
adder.sv, 6 : 	assign y = a + b;
Verdi>run
0 + 0 = 0
10 + 20 = 30
30 + 20 = 50
8 + 1 = 9
11 + 9 = 20
99 + 100 = 199
$finish called from file "tb_adder.sv", line 50.
$finish at simulation time               130000
Simulation complete, time is 130000 ps.
tb_adder.sv, 50 : 		$finish;
Verdi>stop -disable 1
1
Verdi>stop -line 11 -file /home/hedu04/KMK/0402_adder/tb_adder.sv 
Error-[UCLI-STOP-UNABLE-SET-STOP-POINT] Unable to set breakpoint
  The setting of line breakpoint in file 
  /home/hedu04/KMK/0402_adder/tb_adder.sv line 11 due to 'stop' command was 
  not successful. 
  Please verify that the 'stop' command arguments are valid and that the 
  statement/enclosing subprogram at file/line is complete and used in the 
  design.  Also verify that the statement on which the BP is being added is in
  a module compiled with line debug capability.  If the BP is being set inside
  a TF, make sure the design is not compiled with '+vpi+1'.  Please recompile 
  using the '-debug_access<+options>' switch and incremental options as 
  required.  Recommended options are '-debug_access' for post-process debug, 
  '-debug_access+class' for testbench debug, and '-debug_access+all' for all 
  debug capabilities.  Refer the VCS user guide for more granular options for 
  debug control under the switch '-debug_access' and refer to '-debug_region' 
  for region control.
Verdi>stop -delete 1
1
           V C S   S i m u l a t i o n   R e p o r t 
Time: 130000 ps
CPU Time:      0.060 seconds;       Data structure size:   0.0Mb
Thu Apr  2 16:54:38 2026
debExit
