Command: /home/hedu04/KMK/0402_adder/simv -sml=verdi +fsdb+gate=off -ucli2Proc -ucli -l /home/hedu04/KMK/0402_adder/verdiLog/sim.log
Chronologic VCS simulator copyright 1991-2024
Contains Synopsys proprietary information.
Compiler version W-2024.09-SP1_Full64; Runtime version W-2024.09-SP1_Full64;  Apr  2 16:49 2026
Warning : License for product VCS-BASE-RUNTIME will expire within 20 days, on: 21-apr-2026.
If you would like to temporarily disable this message, set 
 the VCS_LIC_EXPIRE_WARNING environment variable to the number of days
before expiration that you want this message to start (the minimum is 0).

ucli% loaddl -simv /tools/synopsys/verdi/W-2024.09-SP2/share/PLI/VCS/LINUXAMD64/libnovas.so LoadFSDBDumpCmd;LoadFSDBDumpCmd
LoadFSDBDumpCmd success
ucli% config ckptfsdbcheck off;config endofsim noexit;config onfail {enable all};config followactivescope on;catch {setUcliVerdiConnected};set watch::resultTagsForVerdiBP {<ucli_break_bp_status_begin> <ucli_break_bp_status_end>};set ucliCore::support_restore_through_stask_in_verdi 1;cbug::config pretty_print auto;fsdbDumpfile {/home/hedu04/KMK/0402_adder/inter.fsdb} ;fsdbDumpflush ; 
*Verdi* Loading libsscore_vcs202409.so
FSDB Dumper for VCS, Release Verdi_W-2024.09-SP2, Linux x86_64/64bit, 03/03/2025
(C) 1996 - 2025 by Synopsys, Inc.
*Verdi* FSDB WARNING: The FSDB file already exists. Overwriting the FSDB file may crash the programs that are using this file.
*Verdi* : Create FSDB file '/home/hedu04/KMK/0402_adder/inter.fsdb'
*Verdi* : Flush all FSDB Files at 0 ps.

ucli% fsdbDumpvars 0 "tb_adder.dut.a"  +all +trace_process;fsdbDumpvars 0 "tb_adder.dut.b"  +all +trace_process;fsdbDumpvars 0 "tb_adder.dut.y"  +all +trace_process
*Verdi* : Dumping the signal (tb_adder.dut.a).
*Verdi* : Dumping the signal (tb_adder.dut.b).
*Verdi* : Dumping the signal (tb_adder.dut.y).

ucli% stop -line 13 -file /home/hedu04/KMK/0402_adder/tb_adder.sv
1
ucli% synEnv::hasFataled
0
ucli% ucliCore::getToolPID
19392
ucli% sps_interactive
*Verdi* : Enable RPC Server(19392)

ucli% ucliCore::getToolPID
19392
ucli% ucliCore::getToolPID
19392
ucli% if {[catch {ucliCore::setFocus tool}]} {}

ucli% puts $ucliCore::nativeUcliMode
0

ucli% ucliCore::getToolTopPID
19392
ucli% pid
19413
ucli% synUtils::sendTool -active {_icl_createSharedMemory /tmp/vcs_dve_general.hedu04.19392 }

ucli% if { [info vars watch::vcbp_str_len_limit_of_get_value] != ""} {set watch::vcbp_str_len_limit_of_get_value 1024}
1024
ucli% info command stateVerdiChangeCB

ucli% proc stateVerdiChangeCB args { if {$ucliGUI::state eq "terminated"} {puts "\n<VERDI_Terminated>\n";catch {setVerdiSimTerminated}}}

ucli% trace variable ucliGUI::state wu stateVerdiChangeCB

ucli% if {[catch {rename synopsys::restore verdiHack::restore} ]} {puts "0"}

ucli% proc synopsys::restore {args} { verdiHack::restore $args; puts "\n<VERDI_RESTORE>\n"}

ucli% if {[catch {rename quit verdiHack::quit} ]} {puts "0"}

ucli% proc quit {args} { if {[string length $args] == 0} { verdiHack::quit; } elseif {([string equal "-h" $args] == 1)||([string equal "-he" $args] == 1)||([string equal "-hel" $args] == 1)||([string equal "-help" $args] == 1)} { puts "\n quit           # Exit the simulation.\n \[-noprompt\]        (Exit the simulation and Verdi.)\n"} elseif {([string equal "-n" $args] == 1)||([string equal "-no" $args] == 1)||([string equal "-nop" $args] == 1)||([string equal "-nopr" $args] == 1)||([string equal "-nopro" $args] == 1)||([string equal "-noprom" $args] == 1)||([string equal "-nopromp" $args] == 1)||([string equal "-noprompt" $args] == 1)} { puts "\nVERDI_EXIT_N\n" } else { verdiHack::quit $args; } }

ucli% if {[catch {rename exit verdiHack::exit} ]} {puts "0"}

ucli% proc exit {args} { if {[string length $args] == 0} { verdiHack::exit; } elseif {([string equal "-h" $args] == 1)||([string equal "-he" $args] == 1)||([string equal "-hel" $args] == 1)||([string equal "-help" $args] == 1)} { puts "\n exit           # Exit the simulation.\n \[-noprompt\]        (Exit the simulation and Verdi.)\n"} elseif {([string equal "-n" $args] == 1)||([string equal "-no" $args] == 1)||([string equal "-nop" $args] == 1)||([string equal "-nopr" $args] == 1)||([string equal "-nopro" $args] == 1)||([string equal "-noprom" $args] == 1)||([string equal "-nopromp" $args] == 1)||([string equal "-noprompt" $args] == 1)} { puts "\nVERDI_EXIT_N\n" } else { verdiHack::exit $args; } }

ucli% proc checkpoint::beforeRecreate {} { sps_interactive }

ucli% if {[catch {ucliCore::setFocus tool}]} {}

ucli% save::getUserdefinedProcs
::stateVerdiChangeCB ::LoadFSDBDumpCmd
ucli% set ucliCore::resultTagsForVerdi [list <?special_verdi_begin?> <?special_verdi_end?>]
<?special_verdi_begin?> <?special_verdi_end?>
ucli% if {[catch {ucliCore::setFocus tool}]} {}

ucli% fsdbDumpflush 
*Verdi* : Flush all FSDB Files at 0 ps.

ucli% if {[catch {ucliCore::setFocus tool}]} {}

ucli% fsdbDumpflush 
*Verdi* : Flush all FSDB Files at 0 ps.

ucli% senv
activeDomain: Verilog
activeFile: tb_adder.sv
activeFrame: 
activeLine: 1
activeScope: tb_adder
activeThread: 
endCol: 0
file: tb_adder.sv
frame: 
fsdbFilename: 
hasTB: 0
inputFilename: 
keyFilename: ucli.key
line: 1
logFilename: /home/hedu04/KMK/0402_adder/verdiLog/sim.log
macroIndex: -1
macroOffset: -1
pid: 19392
scope: tb_adder
startCol: 0
state: stopped
thread: 
time: 0
timePrecision: 1 ps
vcdFilename: 
vpdFilename:
ucli% synUtils::resolveSourceFilename tb_adder.sv
tb_adder.sv
ucli% puts $::ucliCore::cbug_active
0

ucli% if {[catch {ucliCore::setFocus tool}]} {}

ucli% checkpoint -list -all
There are no checkpoints present.
ucli% if {[catch {ucliCore::setFocus tool}]} {}

ucli% stop
1: -line 13 -file /home/hedu04/KMK/0402_adder/tb_adder.sv
ucli% if {[catch {ucliCore::setFocus tool}]} {}

ucli% next
adder.sv, 6 : 	assign y = a + b;
ucli% synEnv::hasFataled
0
ucli% ucliCore::getToolPID
19392
ucli% synEnv::isFinished
0
ucli% save::getUserdefinedProcs
::stateVerdiChangeCB ::LoadFSDBDumpCmd
ucli% if {[catch {ucliCore::setFocus tool}]} {}

ucli% fsdbDumpflush 
*Verdi* : Flush all FSDB Files at 0 ps.

ucli% senv
activeDomain: Verilog
activeFile: adder.sv
activeFrame: 
activeLine: 6
activeScope: tb_adder.dut
activeThread: 
endCol: 0
file: adder.sv
frame: 
fsdbFilename: 
hasTB: 0
inputFilename: 
keyFilename: ucli.key
line: 6
logFilename: /home/hedu04/KMK/0402_adder/verdiLog/sim.log
macroIndex: -1
macroOffset: -1
pid: 19392
scope: tb_adder.dut
startCol: 0
state: stopped
thread: 
time: 0
timePrecision: 1 ps
vcdFilename: 
vpdFilename:
ucli% synUtils::resolveSourceFilename adder.sv
adder.sv
ucli% puts $::ucliCore::cbug_active
0

ucli% if {[catch {ucliCore::setFocus tool}]} {}

ucli% checkpoint -list -all
There are no checkpoints present.
ucli% if {[catch {ucliCore::setFocus tool}]} {}

ucli% stop
1: -line 13 -file /home/hedu04/KMK/0402_adder/tb_adder.sv
ucli% if {[catch {ucliCore::setFocus tool}]} {}

ucli% next
tb_adder.sv, 8 : 		$fsdbDumpfile("wave.fsdb");
ucli% synEnv::hasFataled
0
ucli% ucliCore::getToolPID
19392
ucli% synEnv::isFinished
0
ucli% save::getUserdefinedProcs
::stateVerdiChangeCB ::LoadFSDBDumpCmd
ucli% if {[catch {ucliCore::setFocus tool}]} {}

ucli% fsdbDumpflush 
*Verdi* : Flush all FSDB Files at 0 ps.

ucli% senv
activeDomain: Verilog
activeFile: tb_adder.sv
activeFrame: 
activeLine: 8
activeScope: tb_adder
activeThread: 
endCol: 0
file: tb_adder.sv
frame: 
fsdbFilename: 
hasTB: 0
inputFilename: 
keyFilename: ucli.key
line: 8
logFilename: /home/hedu04/KMK/0402_adder/verdiLog/sim.log
macroIndex: -1
macroOffset: -1
pid: 19392
scope: tb_adder
startCol: 0
state: stopped
thread: 
time: 0
timePrecision: 1 ps
vcdFilename: 
vpdFilename:
ucli% synUtils::resolveSourceFilename tb_adder.sv
tb_adder.sv
ucli% puts $::ucliCore::cbug_active
0

ucli% if {[catch {ucliCore::setFocus tool}]} {}

ucli% checkpoint -list -all
There are no checkpoints present.
ucli% if {[catch {ucliCore::setFocus tool}]} {}

ucli% stop
1: -line 13 -file /home/hedu04/KMK/0402_adder/tb_adder.sv
ucli% if {[catch {ucliCore::setFocus tool}]} {}

ucli% next
*Verdi* WARNING: Env/runtime option has specified fsdbfile name as "/home/hedu04/KMK/0402_adder/inter.fsdb". Fsdbfile name in task "wave.fsdb" is ignored.
tb_adder.sv, 9 : 		$fsdbDumpvars(0);
ucli% synEnv::hasFataled
0
ucli% ucliCore::getToolPID
19392
ucli% synEnv::isFinished
0
ucli% save::getUserdefinedProcs
::stateVerdiChangeCB ::LoadFSDBDumpCmd
ucli% if {[catch {ucliCore::setFocus tool}]} {}

ucli% fsdbDumpflush 
*Verdi* : Flush all FSDB Files at 0 ps.

ucli% senv
activeDomain: Verilog
activeFile: tb_adder.sv
activeFrame: 
activeLine: 9
activeScope: tb_adder
activeThread: 
endCol: 0
file: tb_adder.sv
frame: 
fsdbFilename: 
hasTB: 0
inputFilename: 
keyFilename: ucli.key
line: 9
logFilename: /home/hedu04/KMK/0402_adder/verdiLog/sim.log
macroIndex: -1
macroOffset: -1
pid: 19392
scope: tb_adder
startCol: 0
state: stopped
thread: 
time: 0
timePrecision: 1 ps
vcdFilename: 
vpdFilename:
ucli% synUtils::resolveSourceFilename tb_adder.sv
tb_adder.sv
ucli% puts $::ucliCore::cbug_active
0

ucli% if {[catch {ucliCore::setFocus tool}]} {}

ucli% checkpoint -list -all
There are no checkpoints present.
ucli% if {[catch {ucliCore::setFocus tool}]} {}

ucli% stop
1: -line 13 -file /home/hedu04/KMK/0402_adder/tb_adder.sv
ucli% if {[catch {ucliCore::setFocus tool}]} {}

ucli% next
*Verdi* : Begin traversing the scopes, layer (0).
*Verdi* : End of traversing.
tb_adder.sv, 13 : 		a = 0;
ucli% synEnv::hasFataled
0
ucli% ucliCore::getToolPID
19392
ucli% synEnv::isFinished
0
ucli% save::getUserdefinedProcs
::stateVerdiChangeCB ::LoadFSDBDumpCmd
ucli% if {[catch {ucliCore::setFocus tool}]} {}

ucli% fsdbDumpflush 
*Verdi* : Flush all FSDB Files at 0 ps.

ucli% senv
activeDomain: Verilog
activeFile: tb_adder.sv
activeFrame: 
activeLine: 13
activeScope: tb_adder
activeThread: 
endCol: 0
file: tb_adder.sv
frame: 
fsdbFilename: 
hasTB: 0
inputFilename: 
keyFilename: ucli.key
line: 13
logFilename: /home/hedu04/KMK/0402_adder/verdiLog/sim.log
macroIndex: -1
macroOffset: -1
pid: 19392
scope: tb_adder
startCol: 0
state: stopped
thread: 
time: 0
timePrecision: 1 ps
vcdFilename: 
vpdFilename:
ucli% synUtils::resolveSourceFilename tb_adder.sv
tb_adder.sv
ucli% puts $::ucliCore::cbug_active
0

ucli% if {[catch {ucliCore::setFocus tool}]} {}

ucli% checkpoint -list -all
There are no checkpoints present.
ucli% if {[catch {ucliCore::setFocus tool}]} {}

ucli% stop
1: -line 13 -file /home/hedu04/KMK/0402_adder/tb_adder.sv
ucli% if {[catch {ucliCore::setFocus tool}]} {}

ucli% next

Stop point #1 @ 0 ps;  
ucli% synEnv::hasFataled
0
ucli% ucliCore::getToolPID
19392
ucli% synEnv::isFinished
0
ucli% save::getUserdefinedProcs
::stateVerdiChangeCB ::LoadFSDBDumpCmd
ucli% stop -show 1
1: -line 13 -file /home/hedu04/KMK/0402_adder/tb_adder.sv
ucli% if {[catch {ucliCore::setFocus tool}]} {}

ucli% fsdbDumpflush 
*Verdi* : Flush all FSDB Files at 0 ps.

ucli% senv
activeDomain: Verilog
activeFile: tb_adder.sv
activeFrame: 
activeLine: 13
activeScope: tb_adder
activeThread: 
endCol: 0
file: tb_adder.sv
frame: 
fsdbFilename: 
hasTB: 0
inputFilename: 
keyFilename: ucli.key
line: 13
logFilename: /home/hedu04/KMK/0402_adder/verdiLog/sim.log
macroIndex: -1
macroOffset: -1
pid: 19392
scope: tb_adder
startCol: 0
state: stopped
thread: 
time: 0
timePrecision: 1 ps
vcdFilename: 
vpdFilename:
ucli% synUtils::resolveSourceFilename tb_adder.sv
tb_adder.sv
ucli% puts $::ucliCore::cbug_active
0

ucli% if {[catch {ucliCore::setFocus tool}]} {}

ucli% checkpoint -list -all
There are no checkpoints present.
ucli% if {[catch {ucliCore::setFocus tool}]} {}

ucli% stop
1: -line 13 -file /home/hedu04/KMK/0402_adder/tb_adder.sv
ucli% if {[catch {ucliCore::setFocus tool}]} {}

ucli% next
tb_adder.sv, 14 : 		b = 0;
ucli% synEnv::hasFataled
0
ucli% ucliCore::getToolPID
19392
ucli% synEnv::isFinished
0
ucli% save::getUserdefinedProcs
::stateVerdiChangeCB ::LoadFSDBDumpCmd
ucli% if {[catch {ucliCore::setFocus tool}]} {}

ucli% fsdbDumpflush 
*Verdi* : Flush all FSDB Files at 0 ps.

ucli% senv
activeDomain: Verilog
activeFile: tb_adder.sv
activeFrame: 
activeLine: 14
activeScope: tb_adder
activeThread: 
endCol: 0
file: tb_adder.sv
frame: 
fsdbFilename: 
hasTB: 0
inputFilename: 
keyFilename: ucli.key
line: 14
logFilename: /home/hedu04/KMK/0402_adder/verdiLog/sim.log
macroIndex: -1
macroOffset: -1
pid: 19392
scope: tb_adder
startCol: 0
state: stopped
thread: 
time: 0
timePrecision: 1 ps
vcdFilename: 
vpdFilename:
ucli% synUtils::resolveSourceFilename tb_adder.sv
tb_adder.sv
ucli% puts $::ucliCore::cbug_active
0

ucli% if {[catch {ucliCore::setFocus tool}]} {}

ucli% checkpoint -list -all
There are no checkpoints present.
ucli% if {[catch {ucliCore::setFocus tool}]} {}

ucli% stop
1: -line 13 -file /home/hedu04/KMK/0402_adder/tb_adder.sv
ucli% if {[catch {ucliCore::setFocus tool}]} {}

ucli% next
adder.sv, 6 : 	assign y = a + b;
ucli% synEnv::hasFataled
0
ucli% ucliCore::getToolPID
19392
ucli% synEnv::isFinished
0
ucli% save::getUserdefinedProcs
::stateVerdiChangeCB ::LoadFSDBDumpCmd
ucli% if {[catch {ucliCore::setFocus tool}]} {}

ucli% fsdbDumpflush 
*Verdi* : Flush all FSDB Files at 0 ps.

ucli% senv
activeDomain: Verilog
activeFile: adder.sv
activeFrame: 
activeLine: 6
activeScope: tb_adder.dut
activeThread: 
endCol: 0
file: adder.sv
frame: 
fsdbFilename: 
hasTB: 0
inputFilename: 
keyFilename: ucli.key
line: 6
logFilename: /home/hedu04/KMK/0402_adder/verdiLog/sim.log
macroIndex: -1
macroOffset: -1
pid: 19392
scope: tb_adder.dut
startCol: 0
state: stopped
thread: 
time: 0
timePrecision: 1 ps
vcdFilename: 
vpdFilename:
ucli% synUtils::resolveSourceFilename adder.sv
adder.sv
ucli% puts $::ucliCore::cbug_active
0

ucli% if {[catch {ucliCore::setFocus tool}]} {}

ucli% checkpoint -list -all
There are no checkpoints present.
ucli% if {[catch {ucliCore::setFocus tool}]} {}

ucli% stop
1: -line 13 -file /home/hedu04/KMK/0402_adder/tb_adder.sv
ucli% if {[catch {ucliCore::setFocus tool}]} {}

ucli% run
<slp!&*()_+>
0 + 0 = 0
<slb!&*()_+>---<sls!&*()_+>loc: -1<sls!&*()_+>src: tb_adder.sv<sls!&*()_+>line: 16<sls!&*()_+>time: 10000 ps<sls!&*()_+>length: 0<sls!&*()_+>...<sls!&*()_+><sle!&*()_+>
<slp!&*()_+>
10 + 20 = 30
<slb!&*()_+>---<sls!&*()_+>loc: -1<sls!&*()_+>src: tb_adder.sv<sls!&*()_+>line: 22<sls!&*()_+>time: 30000 ps<sls!&*()_+>length: 0<sls!&*()_+>...<sls!&*()_+><sle!&*()_+>
<slp!&*()_+>
30 + 20 = 50
<slb!&*()_+>---<sls!&*()_+>loc: -1<sls!&*()_+>src: tb_adder.sv<sls!&*()_+>line: 28<sls!&*()_+>time: 50000 ps<sls!&*()_+>length: 0<sls!&*()_+>...<sls!&*()_+><sle!&*()_+>
<slp!&*()_+>
8 + 1 = 9
<slb!&*()_+>---<sls!&*()_+>loc: -1<sls!&*()_+>src: tb_adder.sv<sls!&*()_+>line: 34<sls!&*()_+>time: 70000 ps<sls!&*()_+>length: 0<sls!&*()_+>...<sls!&*()_+><sle!&*()_+>
<slp!&*()_+>
11 + 9 = 20
<slb!&*()_+>---<sls!&*()_+>loc: -1<sls!&*()_+>src: tb_adder.sv<sls!&*()_+>line: 40<sls!&*()_+>time: 90000 ps<sls!&*()_+>length: 0<sls!&*()_+>...<sls!&*()_+><sle!&*()_+>
<slp!&*()_+>
99 + 100 = 199
<slb!&*()_+>---<sls!&*()_+>loc: -1<sls!&*()_+>src: tb_adder.sv<sls!&*()_+>line: 46<sls!&*()_+>time: 110000 ps<sls!&*()_+>length: 0<sls!&*()_+>...<sls!&*()_+><sle!&*()_+>
$finish called from file "tb_adder.sv", line 50.
$finish at simulation time               130000
Simulation complete, time is 130000 ps.
tb_adder.sv, 50 : 		$finish;

ucli% synEnv::hasFataled
0
ucli% ucliCore::getToolPID
19392
ucli% save::getUserdefinedProcs
::stateVerdiChangeCB ::LoadFSDBDumpCmd
ucli% if {[catch {ucliCore::setFocus tool}]} {}

ucli% fsdbDumpflush 
*Verdi* : Flush all FSDB Files at 130,000 ps.

ucli% senv
activeDomain: Verilog
activeFile: tb_adder.sv
activeFrame: 
activeLine: 50
activeScope: tb_adder
activeThread: 
endCol: 0
file: tb_adder.sv
frame: 
fsdbFilename: 
hasTB: 0
inputFilename: 
keyFilename: ucli.key
line: 50
logFilename: /home/hedu04/KMK/0402_adder/verdiLog/sim.log
macroIndex: -1
macroOffset: -1
pid: 19392
scope: tb_adder
startCol: 0
state: stopped
thread: 
time: 130000
timePrecision: 1 ps
vcdFilename: 
vpdFilename:
ucli% synUtils::resolveSourceFilename tb_adder.sv
tb_adder.sv
ucli% puts $::ucliCore::cbug_active
0

ucli% if {[catch {ucliCore::setFocus tool}]} {}

ucli% checkpoint -list -all
There are no checkpoints present.
ucli% if {[catch {ucliCore::setFocus tool}]} {}

ucli% stop
1: -line 13 -file /home/hedu04/KMK/0402_adder/tb_adder.sv
ucli% if {[catch {ucliCore::setFocus tool}]} {}

ucli% stop -disable 1
1
ucli% stop -show 1
1: -line 13 -file /home/hedu04/KMK/0402_adder/tb_adder.sv -disable
ucli% if {[catch {ucliCore::setFocus tool}]} {}

ucli% stop -line 11 -file /home/hedu04/KMK/0402_adder/tb_adder.sv 
Error-[UCLI-STOP-UNABLE-SET-STOP-POINT] Unable to set breakpoint
  The setting of line breakpoint in file 
  /home/hedu04/KMK/0402_adder/tb_adder.sv line 11 due to 'stop' command was 
  not successful. 
  Please verify that the 'stop' command arguments are valid and that the 
  statement/enclosing subprogram at file/line is complete and used in the 
  design.  Also verify that the statement on which the BP is being added is in
  a module compiled with line debug capability.  If the BP is being set inside
  a TF, make sure the design is not compiled with '+vpi+1'.  Please recompile 
  using the '-debug_access<+options>' switch and incremental options as 
  required.  Recommended options are '-debug_access' for post-process debug, 
  '-debug_access+class' for testbench debug, and '-debug_access+all' for all 
  debug capabilities.  Refer the VCS user guide for more granular options for 
  debug control under the switch '-debug_access' and refer to '-debug_region' 
  for region control.
ucli% if {[catch {ucliCore::setFocus tool}]} {}

ucli% stop -delete 1
1
ucli% if {[catch {ucliCore::setFocus tool}]} {}

ucli% finish; quit
           V C S   S i m u l a t i o n   R e p o r t 
Time: 130000 ps
CPU Time:      0.060 seconds;       Data structure size:   0.0Mb
Thu Apr  2 16:54:38 2026

<VERDI_Terminated>

