version: (200506)

available memory: 64M bytes
used memory: 147456 bytes [need 144K bytes if disable swap]

used block: 4 [memory(4) file(0)]
                 [ 8K(2) 64K(2) { total 144K bytes } ]
overhead: (9514) bytes for (4) blocks [Average: (2378) bytes/block]

write  => 0(times) 0K(bytes) [0K bytes to file]
read   => 2(times) 5K(bytes) [0K bytes compressed data from file]
access => 3314044(times) 25894M(bytes)
          [hit ratio: 99.9999%]

time: write(0) read(0)  unit: second

swap file directory: (/home/hedu04/KMK/0402_adder/verdiLog)
used swap file number: (3)



swap file manager:
arrSize: (256)
idxCnt: (4)
closeHead: (1)
closeTail: (3)
openCnt: (3)
fid(3): fd(1073741825) fileName(/home/hedu04/KMK/0402_adder/simv.daidir/kdb.elab++/work.lib++/adder.sv.tdc)
	size(514) lastModTime(1775114131) curModTime(1775114131)
	mode(rb)	hot(0) cool(2) pos(0)
fid(2): fd(22) fileName(/home/hedu04/KMK/0402_adder/verdiLog/_swap_0001#261616969#4173743)
	size(0) lastModTime(0) curModTime(1775114879)
	mode(w+b)	hot(3) cool(1) pos(0)
fid(1): fd(1073741824) fileName(/home/hedu04/KMK/0402_adder/simv.daidir/kdb.elab++/work.lib++/tb_adder.sv.tdc)
	size(1578) lastModTime(1775114131) curModTime(1775114131)
	mode(rb)	hot(2) cool(0) pos(0)
fid(0): fd(0) fileName(NULL)
	mode(NULL)	hot(0) cool(0) pos(0)
==================================================
mySelf(0x1ffe5de0) pre(0x1ff28de0) next((nil))
version(200506)
date(Dec  3 2024 20:20:45)
